Traceback (most recent call last):
  File "/home/runner/work/antarctic/antarctic/.venv/lib/python3.10/site-packages/jupyter_cache/executors/utils.py", line 58, in single_nb_execution
    executenb(
  File "/home/runner/work/antarctic/antarctic/.venv/lib/python3.10/site-packages/nbclient/client.py", line 1305, in execute
    return NotebookClient(nb=nb, resources=resources, km=km, **kwargs).execute()
  File "/home/runner/work/antarctic/antarctic/.venv/lib/python3.10/site-packages/jupyter_core/utils/__init__.py", line 166, in wrapped
    return loop.run_until_complete(inner)
  File "/opt/hostedtoolcache/Python/3.10.11/x64/lib/python3.10/asyncio/base_events.py", line 649, in run_until_complete
    return future.result()
  File "/home/runner/work/antarctic/antarctic/.venv/lib/python3.10/site-packages/nbclient/client.py", line 705, in async_execute
    await self.async_execute_cell(
  File "/home/runner/work/antarctic/antarctic/.venv/lib/python3.10/site-packages/nbclient/client.py", line 1058, in async_execute_cell
    await self._check_raise_for_error(cell, cell_index, exec_reply)
  File "/home/runner/work/antarctic/antarctic/.venv/lib/python3.10/site-packages/nbclient/client.py", line 914, in _check_raise_for_error
    raise CellExecutionError.from_cell_and_msg(cell, exec_reply_content)
nbclient.exceptions.CellExecutionError: An error occurred while executing the following cell:
------------------
portfolio = Portfolio(nav=ts, prices=prices, weights=pd.DataFrame(index=prices.index, columns=prices.columns, data=1.0/7))
portfolio.save()

------------------


[0;31m---------------------------------------------------------------------------[0m
[0;31mAssertionError[0m                            Traceback (most recent call last)
Cell [0;32mIn[6], line 1[0m
[0;32m----> 1[0m portfolio [38;5;241m=[39m [43mPortfolio[49m[43m([49m[43mnav[49m[38;5;241;43m=[39;49m[43mts[49m[43m,[49m[43m [49m[43mprices[49m[38;5;241;43m=[39;49m[43mprices[49m[43m,[49m[43m [49m[43mweights[49m[38;5;241;43m=[39;49m[43mpd[49m[38;5;241;43m.[39;49m[43mDataFrame[49m[43m([49m[43mindex[49m[38;5;241;43m=[39;49m[43mprices[49m[38;5;241;43m.[39;49m[43mindex[49m[43m,[49m[43m [49m[43mcolumns[49m[38;5;241;43m=[39;49m[43mprices[49m[38;5;241;43m.[39;49m[43mcolumns[49m[43m,[49m[43m [49m[43mdata[49m[38;5;241;43m=[39;49m[38;5;241;43m1.0[39;49m[38;5;241;43m/[39;49m[38;5;241;43m7[39;49m[43m)[49m[43m)[49m
[1;32m      2[0m portfolio[38;5;241m.[39msave()

File [0;32m~/work/antarctic/antarctic/.venv/lib/python3.10/site-packages/mongoengine/base/document.py:128[0m, in [0;36mBaseDocument.__init__[0;34m(self, *args, **values)[0m
[1;32m    126[0m         [38;5;28;01mif[39;00m field [38;5;129;01mand[39;00m [38;5;129;01mnot[39;00m [38;5;28misinstance[39m(field, FileField):
[1;32m    127[0m             value [38;5;241m=[39m field[38;5;241m.[39mto_python(value)
[0;32m--> 128[0m     [38;5;28;43msetattr[39;49m[43m([49m[38;5;28;43mself[39;49m[43m,[49m[43m [49m[43mkey[49m[43m,[49m[43m [49m[43mvalue[49m[43m)[49m
[1;32m    129[0m [38;5;28;01melse[39;00m:
[1;32m    130[0m     [38;5;28;01mif[39;00m [38;5;28mself[39m[38;5;241m.[39m_dynamic:

File [0;32m~/work/antarctic/antarctic/.venv/lib/python3.10/site-packages/mongoengine/base/document.py:207[0m, in [0;36mBaseDocument.__setattr__[0;34m(self, name, value)[0m
[1;32m    199[0m [38;5;28;01mif[39;00m (
[1;32m    200[0m     [38;5;28mself[39m[38;5;241m.[39m_is_document
[1;32m    201[0m     [38;5;129;01mand[39;00m self__initialised
[1;32m    202[0m     [38;5;129;01mand[39;00m self__created
[1;32m    203[0m     [38;5;129;01mand[39;00m name [38;5;241m==[39m [38;5;28mself[39m[38;5;241m.[39m_meta[38;5;241m.[39mget([38;5;124m"[39m[38;5;124mid_field[39m[38;5;124m"[39m)
[1;32m    204[0m ):
[1;32m    205[0m     [38;5;28msuper[39m()[38;5;241m.[39m[38;5;21m__setattr__[39m([38;5;124m"[39m[38;5;124m_created[39m[38;5;124m"[39m, [38;5;28;01mFalse[39;00m)
[0;32m--> 207[0m [38;5;28;43msuper[39;49m[43m([49m[43m)[49m[38;5;241;43m.[39;49m[38;5;21;43m__setattr__[39;49m[43m([49m[43mname[49m[43m,[49m[43m [49m[43mvalue[49m[43m)[49m

File [0;32m~/work/antarctic/antarctic/antarctic/pandas_field.py:63[0m, in [0;36mPandasField.__set__[0;34m(self, instance, value)[0m
[1;32m     61[0m         [38;5;28;01mpass[39;00m
[1;32m     62[0m     [38;5;28;01melse[39;00m:
[0;32m---> 63[0m         [38;5;28;01mraise[39;00m [38;5;167;01mAssertionError[39;00m([38;5;124mf[39m[38;5;124m"[39m[38;5;124mType of value [39m[38;5;132;01m{[39;00m[38;5;28mtype[39m(value)[38;5;132;01m}[39;00m[38;5;124m"[39m)
[1;32m     64[0m [38;5;28msuper[39m()[38;5;241m.[39m[38;5;21m__set__[39m(instance, value)

[0;31mAssertionError[0m: Type of value <class 'pandas.core.series.Series'>

